

17-Oct-2022 11:35:45 INFO-Account created
17-Oct-2022 11:35:45 INFO-Choosen to create Customer
17-Oct-2022 11:36:40 INFO-choosen to fetch the balance
17-Oct-2022 11:37:03 INFO-choosen to fetch the balance
17-Oct-2022 11:37:03 INFO-choosen to deposit the amount
17-Oct-2022 11:37:03 INFO-choosen to fetch the balance
17-Oct-2022 11:37:27 INFO-choosen to fetch the balance
17-Oct-2022 11:37:49 INFO-choosen to fetch the balance
17-Oct-2022 11:37:49 INFO-choosen withdraw option
17-Oct-2022 11:37:49 INFO-choosen to fetch the balance
17-Oct-2022 11:38:08 INFO-choosen to fetch the balance
17-Oct-2022 11:39:18 INFO-Account created
17-Oct-2022 11:39:18 INFO-Choosen to create Customer
17-Oct-2022 11:40:30 INFO-choosen to fetch the balance
17-Oct-2022 11:40:30 INFO-choosen to fetch the balance
17-Oct-2022 11:40:30 INFO-choosen transfer option for transfering the money
17-Oct-2022 11:40:30 INFO-choosen to fetch the balance
17-Oct-2022 11:41:04 INFO-choosen to fetch the balance
17-Oct-2022 11:41:04 INFO-choosen to fetch the balance
17-Oct-2022 11:42:27 INFO-choosen to fetch the balance
17-Oct-2022 11:42:27 INFO-choosen to fetch the balance
17-Oct-2022 15:57:22 INFO-Account created
17-Oct-2022 15:57:22 INFO-Choosen to create Customer
17-Oct-2022 16:08:32 INFO-Account created
17-Oct-2022 16:08:32 INFO-Choosen to create Customer
17-Oct-2022 16:21:27 INFO-Account created
17-Oct-2022 16:21:28 INFO-Choosen to create Customer
17-Oct-2022 16:22:35 INFO-choosen to fetch the balance
17-Oct-2022 16:24:51 INFO-choosen to fetch the balance
17-Oct-2022 16:24:51 INFO-choosen to deposit the amount
17-Oct-2022 16:24:51 INFO-choosen to fetch the balance
17-Oct-2022 16:25:17 INFO-choosen to fetch the balance
17-Oct-2022 16:25:17 INFO-choosen withdraw option
17-Oct-2022 16:25:17 INFO-choosen to fetch the balance
17-Oct-2022 16:26:07 INFO-Account created
17-Oct-2022 16:26:07 INFO-Choosen to create Customer
17-Oct-2022 16:27:15 INFO-choosen to fetch the balance
17-Oct-2022 16:27:15 INFO-choosen to fetch the balance
17-Oct-2022 16:27:15 INFO-choosen transfer option for transfering the money
17-Oct-2022 16:27:15 INFO-choosen to fetch the balance
17-Oct-2022 16:27:50 INFO-choosen to fetch the balance
17-Oct-2022 16:28:22 INFO-choosen to fetch the balance
17-Oct-2022 16:28:37 INFO-choosen to fetch the balance
17-Oct-2022 16:28:58 INFO-choosen to fetch the balance
17-Oct-2022 16:28:58 INFO-choosen withdraw option
17-Oct-2022 16:28:58 INFO-choosen to fetch the balance
17-Oct-2022 16:29:32 INFO-choosen to fetch the balance
17-Oct-2022 16:30:23 INFO-choosen to fetch the balance
17-Oct-2022 16:30:23 INFO-choosen to fetch the balance
17-Oct-2022 16:30:59 INFO-choosen accountinfo to fetch own details
17-Oct-2022 16:33:45 INFO-choosen delete option to delete the account info
17-Oct-2022 16:33:45 INFO-choosen to delete the customer from the database
17-Oct-2022 16:35:32 INFO-choosen to fetch the list of customers
17-Oct-2022 20:49:43 INFO-Account created
17-Oct-2022 20:49:43 INFO-Choosen to create Customer
17-Oct-2022 20:52:49 INFO-Account created
17-Oct-2022 20:52:49 INFO-Choosen to create Customer
17-Oct-2022 20:55:24 INFO-choosen to fetch the balance
17-Oct-2022 20:55:24 INFO-choosen to deposit the amount
17-Oct-2022 20:55:24 INFO-choosen to fetch the balance
17-Oct-2022 21:00:09 INFO-Account created
17-Oct-2022 21:00:09 INFO-Choosen to create Customer
17-Oct-2022 21:01:45 INFO-Account created
17-Oct-2022 21:01:45 INFO-Choosen to create Customer
17-Oct-2022 21:01:58 INFO-Account created
17-Oct-2022 21:01:58 INFO-Choosen to create Customer
17-Oct-2022 21:05:54 INFO-Account created
17-Oct-2022 21:05:54 INFO-Choosen to create Customer
17-Oct-2022 21:08:01 INFO-Account created
17-Oct-2022 21:08:01 INFO-Choosen to create Customer
17-Oct-2022 21:25:28 INFO-Account created
17-Oct-2022 21:25:28 INFO-Choosen to create Customer
17-Oct-2022 21:31:44 INFO-Account created
17-Oct-2022 21:31:44 INFO-Choosen to create Customer
18-Oct-2022 06:53:27 INFO-Account created
18-Oct-2022 06:53:27 INFO-Choosen to create Customer
18-Oct-2022 06:54:24 INFO-Account created
18-Oct-2022 06:54:24 INFO-Choosen to create Customer
18-Oct-2022 21:37:59 INFO-Account created
18-Oct-2022 21:37:59 INFO-Choosen to create Customer
18-Oct-2022 21:38:48 INFO-Account created
18-Oct-2022 21:38:48 INFO-Choosen to create Customer
18-Oct-2022 21:58:33 INFO-Account created
18-Oct-2022 21:58:33 INFO-Choosen to create Customer
18-Oct-2022 22:01:04 INFO-choosen to get customer information
18-Oct-2022 22:01:50 INFO-choosen to get customer information
18-Oct-2022 22:03:04 INFO-choosen delete option to delete the account info
18-Oct-2022 22:03:04 INFO-choosen to delete the customer from the database
18-Oct-2022 22:05:55 INFO-choosen to fetch the list of customers
18-Oct-2022 22:06:20 INFO-choosen to fetch the list of customers
18-Oct-2022 22:13:51 INFO-choosen to fetch the balance
18-Oct-2022 22:14:55 INFO-choosen to fetch the balance
18-Oct-2022 22:16:03 INFO-choosen to fetch the balance
18-Oct-2022 22:16:26 INFO-choosen to fetch the balance
18-Oct-2022 22:16:26 INFO-choosen to deposit the amount
18-Oct-2022 22:16:26 INFO-choosen to fetch the balance
18-Oct-2022 22:17:11 INFO-choosen to fetch the balance
18-Oct-2022 22:18:01 INFO-choosen to fetch the balance
18-Oct-2022 22:18:42 INFO-choosen to fetch the balance
18-Oct-2022 22:20:17 INFO-choosen to fetch the balance
18-Oct-2022 22:20:17 INFO-choosen withdraw option
18-Oct-2022 22:20:17 INFO-choosen to fetch the balance
18-Oct-2022 22:20:35 INFO-choosen to fetch the balance
18-Oct-2022 22:20:54 INFO-choosen to fetch the balance
18-Oct-2022 22:20:54 INFO-choosen withdraw option
18-Oct-2022 22:20:54 INFO-choosen to fetch the balance
18-Oct-2022 22:21:13 INFO-choosen to fetch the balance
18-Oct-2022 22:21:54 INFO-choosen to fetch the balance
18-Oct-2022 22:22:56 INFO-choosen to fetch the balance
18-Oct-2022 22:24:40 INFO-choosen to fetch the balance
18-Oct-2022 22:24:40 INFO-choosen to fetch the balance
18-Oct-2022 22:24:40 INFO-choosen transfer option for transfering the money
18-Oct-2022 22:24:40 INFO-choosen to fetch the balance
18-Oct-2022 22:26:26 INFO-choosen to fetch the balance
18-Oct-2022 22:26:26 INFO-choosen to fetch the balance
18-Oct-2022 22:27:23 INFO-choosen to fetch the balance
18-Oct-2022 22:27:23 INFO-choosen to fetch the balance
18-Oct-2022 22:28:41 INFO-choosen to fetch the balance
18-Oct-2022 22:28:41 INFO-choosen to fetch the balance
18-Oct-2022 22:30:17 INFO-choosen accountinfo to fetch own details
18-Oct-2022 22:31:04 INFO-choosen to fetch the balance
18-Oct-2022 22:31:28 INFO-choosen to fetch the balance
18-Oct-2022 22:32:22 INFO-choosen accountinfo to fetch own details
19-Oct-2022 09:18:24 INFO-Account created
19-Oct-2022 09:18:24 INFO-Choosen to create Customer
19-Oct-2022 09:21:33 INFO-Account created
19-Oct-2022 09:21:33 INFO-Choosen to create Customer
